[neur.html]
[b46e1ffb-6ddd-4b5d-a381-644da94c4728.png]
[e8b4bbfe-2923-4848-a275-d77f60c0a7f5.png]
[436be20e-7916-4d19-9bb7-1475e38ad287.png]
[_next/static/css/d44f4cffd4380300.css]
[_next/static/css/f8ed8267c3a8d15e.css]
[_next/static/chunks/webpack-a3b4a51111c9f1f2.js]
[_next/static/chunks/fd9d1056-31e1c1a3fdd56e55.js]
[_next/static/chunks/7023-f99b8c1999bccc54.js]
[_next/static/chunks/main-app-c39fedede3a4cfda.js]
[_next/static/chunks/231-0b0ff17ccfe623c3.js]
[_next/static/chunks/app/not-found-2bb67ac900ffb119.js]
[_next/static/chunks/7963-ab1516be429d5fce.js]
[_next/static/chunks/3371-45cd79df0c3ccbfb.js]
[_next/static/chunks/8602-1d9be5960a4ee9cf.js]
[_next/static/chunks/3678-3a61baba48e128b1.js]
[_next/static/chunks/5304-e97c0f05e6b2f56f.js]
[_next/static/chunks/8577-6fbd13a2f2b0b226.js]
[_next/static/chunks/2543-83ecda2e53fc9553.js]
[_next/static/chunks/app/[username]/page-3acc42b3540e9f0a.js]
[cursor-effects@1.0.15/dist/browser.js]
[_pow.js]
[backblue.gif]
[fade.gif]
[index.html]
[turnstile/v0/b/a5b175b00260/api.js]
[b9c74003-add8-4cab-a077-d19ca45a7729.jpg]
[_next/static/chunks/polyfills-78c92fac7aa8fdd8.js]
[8a020e52-c3d3-4a86-bd2f-5b27c8692c8e.gif]
[sparkle_white.gif]
[cdn-cgi/l/email-protection.html]
[cdn-cgi/scripts/5c5dd728/cloudflare-static/email-decode.min.js]
[neur.html]
[_next/static/css/d44f4cffd4380300.css]
[cdn-cgi/challenge-platform/h/b/scripts/jsd/a5b175b00260/maind41d.js]
[gradient_background.png]
[_next/static/css/f8ed8267c3a8d15e.css]
[cdn-cgi/l/email-protection.html]
